2017-01-31T18:00:06+05:30
--- !ruby/exception:FbGraph2::Exception::InvalidRequest
message: Unsupported get request. Please read the Graph API documentation at https://developers.facebook.com/docs/graph-api
status: 400
type: GraphMethodException
code: 100
error_subcode: 
--------------------------------------------------------------------------------------
2017-02-01T10:00:07+05:30
--- !ruby/exception:SocketError
message: 'getaddrinfo: Name or service not known (graph.facebook.com:443)'
--------------------------------------------------------------------------------------
2017-02-01T12:00:04+05:30
--- !ruby/exception:FbGraph2::Exception::InvalidRequest
message: Unsupported get request. Please read the Graph API documentation at https://developers.facebook.com/docs/graph-api
status: 400
type: GraphMethodException
code: 100
error_subcode: 
--------------------------------------------------------------------------------------
2017-02-01T14:00:17+05:30
--- !ruby/exception:FbGraph2::Exception::InvalidRequest
message: Unsupported get request. Please read the Graph API documentation at https://developers.facebook.com/docs/graph-api
status: 400
type: GraphMethodException
code: 100
error_subcode: 
--------------------------------------------------------------------------------------
2017-02-01T16:00:18+05:30
--- !ruby/exception:FbGraph2::Exception::InvalidRequest
message: Unsupported get request. Please read the Graph API documentation at https://developers.facebook.com/docs/graph-api
status: 400
type: GraphMethodException
code: 100
error_subcode: 
--------------------------------------------------------------------------------------
2017-02-01T18:00:10+05:30
--- !ruby/exception:FbGraph2::Exception::InvalidRequest
message: Unsupported get request. Please read the Graph API documentation at https://developers.facebook.com/docs/graph-api
status: 400
type: GraphMethodException
code: 100
error_subcode: 
--------------------------------------------------------------------------------------
2017-02-01T20:00:06+05:30
--- !ruby/exception:SocketError
message: 'getaddrinfo: Name or service not known (graph.facebook.com:443)'
--------------------------------------------------------------------------------------
2017-02-01T22:00:04+05:30
--- !ruby/exception:SocketError
message: 'getaddrinfo: Name or service not known (graph.facebook.com:443)'
--------------------------------------------------------------------------------------
2017-02-02T12:00:07+05:30
--- !ruby/exception:FbGraph2::Exception::InvalidRequest
message: Unsupported get request. Please read the Graph API documentation at https://developers.facebook.com/docs/graph-api
status: 400
type: GraphMethodException
code: 100
error_subcode: 
--------------------------------------------------------------------------------------
2017-02-02T14:00:14+05:30
--- !ruby/exception:FbGraph2::Exception::InvalidRequest
message: Unsupported get request. Please read the Graph API documentation at https://developers.facebook.com/docs/graph-api
status: 400
type: GraphMethodException
code: 100
error_subcode: 
--------------------------------------------------------------------------------------
2017-02-02T16:00:05+05:30
--- !ruby/exception:FbGraph2::Exception::InvalidRequest
message: Unsupported get request. Please read the Graph API documentation at https://developers.facebook.com/docs/graph-api
status: 400
type: GraphMethodException
code: 100
error_subcode: 
--------------------------------------------------------------------------------------
2017-02-02T18:00:04+05:30
--- !ruby/exception:FbGraph2::Exception::InvalidRequest
message: Unsupported get request. Please read the Graph API documentation at https://developers.facebook.com/docs/graph-api
status: 400
type: GraphMethodException
code: 100
error_subcode: 
--------------------------------------------------------------------------------------
2017-02-03T12:00:05+05:30
--------------------------------------------------------------------------------------
2017-02-03T14:00:04+05:30
--- !ruby/exception:FbGraph2::Exception::InvalidRequest
message: Unsupported get request. Please read the Graph API documentation at https://developers.facebook.com/docs/graph-api
status: 400
type: GraphMethodException
code: 100
error_subcode: 
--------------------------------------------------------------------------------------
2017-02-03T16:00:10+05:30
--- !ruby/exception:SocketError
message: 'getaddrinfo: Name or service not known (graph.facebook.com:443)'
--------------------------------------------------------------------------------------
2017-02-03T18:00:05+05:30
--- !ruby/exception:FbGraph2::Exception::InvalidRequest
message: Unsupported get request. Please read the Graph API documentation at https://developers.facebook.com/docs/graph-api
status: 400
type: GraphMethodException
code: 100
error_subcode: 
--------------------------------------------------------------------------------------
2017-02-04T20:00:06+05:30
--- !ruby/exception:FbGraph2::Exception::InvalidRequest
message: Unsupported get request. Please read the Graph API documentation at https://developers.facebook.com/docs/graph-api
status: 400
type: GraphMethodException
code: 100
error_subcode: 
--------------------------------------------------------------------------------------
2017-02-04T22:00:05+05:30
--- !ruby/exception:FbGraph2::Exception::InvalidRequest
message: Unsupported get request. Please read the Graph API documentation at https://developers.facebook.com/docs/graph-api
status: 400
type: GraphMethodException
code: 100
error_subcode: 
--------------------------------------------------------------------------------------
2017-02-05T00:00:05+05:30
--- !ruby/exception:FbGraph2::Exception::InvalidRequest
message: Unsupported get request. Please read the Graph API documentation at https://developers.facebook.com/docs/graph-api
status: 400
type: GraphMethodException
code: 100
error_subcode: 
--------------------------------------------------------------------------------------
2017-02-06T10:00:08+05:30
--- !ruby/exception:FbGraph2::Exception::InvalidRequest
message: Unsupported get request. Please read the Graph API documentation at https://developers.facebook.com/docs/graph-api
status: 400
type: GraphMethodException
code: 100
error_subcode: 
--------------------------------------------------------------------------------------
2017-02-06T12:00:04+05:30
--- !ruby/exception:FbGraph2::Exception::InvalidRequest
message: Unsupported get request. Please read the Graph API documentation at https://developers.facebook.com/docs/graph-api
status: 400
type: GraphMethodException
code: 100
error_subcode: 
--------------------------------------------------------------------------------------
2017-02-06T14:00:05+05:30
--- !ruby/exception:FbGraph2::Exception::InvalidRequest
message: Unsupported get request. Please read the Graph API documentation at https://developers.facebook.com/docs/graph-api
status: 400
type: GraphMethodException
code: 100
error_subcode: 
--------------------------------------------------------------------------------------
2017-02-06T16:00:05+05:30
--- !ruby/exception:FbGraph2::Exception::InvalidRequest
message: Unsupported get request. Please read the Graph API documentation at https://developers.facebook.com/docs/graph-api
status: 400
type: GraphMethodException
code: 100
error_subcode: 
--------------------------------------------------------------------------------------
2017-02-06T18:00:05+05:30
--- !ruby/exception:FbGraph2::Exception::InvalidRequest
message: Unsupported get request. Please read the Graph API documentation at https://developers.facebook.com/docs/graph-api
status: 400
type: GraphMethodException
code: 100
error_subcode: 
--------------------------------------------------------------------------------------
2017-02-07T12:00:04+05:30
--- !ruby/exception:FbGraph2::Exception::InvalidRequest
message: Unsupported get request. Please read the Graph API documentation at https://developers.facebook.com/docs/graph-api
status: 400
type: GraphMethodException
code: 100
error_subcode: 
--------------------------------------------------------------------------------------
2017-02-07T14:00:04+05:30
--- !ruby/exception:FbGraph2::Exception::InvalidRequest
message: Unsupported get request. Please read the Graph API documentation at https://developers.facebook.com/docs/graph-api
status: 400
type: GraphMethodException
code: 100
error_subcode: 
--------------------------------------------------------------------------------------
2017-02-07T16:00:05+05:30
--- !ruby/exception:FbGraph2::Exception::InvalidRequest
message: Unsupported get request. Please read the Graph API documentation at https://developers.facebook.com/docs/graph-api
status: 400
type: GraphMethodException
code: 100
error_subcode: 
--------------------------------------------------------------------------------------
2017-02-07T18:00:04+05:30
--- !ruby/exception:FbGraph2::Exception::InvalidRequest
message: Unsupported get request. Please read the Graph API documentation at https://developers.facebook.com/docs/graph-api
status: 400
type: GraphMethodException
code: 100
error_subcode: 
--------------------------------------------------------------------------------------
2017-02-08T10:00:08+05:30
--- !ruby/exception:FbGraph2::Exception::InvalidRequest
message: Unsupported get request. Please read the Graph API documentation at https://developers.facebook.com/docs/graph-api
status: 400
type: GraphMethodException
code: 100
error_subcode: 
--------------------------------------------------------------------------------------
2017-02-08T12:00:05+05:30
--- !ruby/exception:FbGraph2::Exception::InvalidRequest
message: Unsupported get request. Please read the Graph API documentation at https://developers.facebook.com/docs/graph-api
status: 400
type: GraphMethodException
code: 100
error_subcode: 
--------------------------------------------------------------------------------------
2017-02-08T14:00:05+05:30
--- !ruby/exception:FbGraph2::Exception::InvalidRequest
message: Unsupported get request. Please read the Graph API documentation at https://developers.facebook.com/docs/graph-api
status: 400
type: GraphMethodException
code: 100
error_subcode: 
--------------------------------------------------------------------------------------
2017-02-08T16:00:05+05:30
--- !ruby/exception:SocketError
message: 'getaddrinfo: Name or service not known (graph.facebook.com:443)'
--------------------------------------------------------------------------------------
2017-02-08T18:00:05+05:30
--- !ruby/exception:FbGraph2::Exception::InvalidRequest
message: Unsupported get request. Please read the Graph API documentation at https://developers.facebook.com/docs/graph-api
status: 400
type: GraphMethodException
code: 100
error_subcode: 
--------------------------------------------------------------------------------------
2017-02-09T12:00:06+05:30
--- !ruby/exception:FbGraph2::Exception::InvalidRequest
message: Unsupported get request. Please read the Graph API documentation at https://developers.facebook.com/docs/graph-api
status: 400
type: GraphMethodException
code: 100
error_subcode: 
--------------------------------------------------------------------------------------
2017-02-09T14:00:05+05:30
--- !ruby/exception:FbGraph2::Exception::InvalidRequest
message: Unsupported get request. Please read the Graph API documentation at https://developers.facebook.com/docs/graph-api
status: 400
type: GraphMethodException
code: 100
error_subcode: 
--------------------------------------------------------------------------------------
2017-02-09T16:00:05+05:30
--- !ruby/exception:FbGraph2::Exception::InvalidRequest
message: Unsupported get request. Please read the Graph API documentation at https://developers.facebook.com/docs/graph-api
status: 400
type: GraphMethodException
code: 100
error_subcode: 
--------------------------------------------------------------------------------------
2017-02-09T18:00:05+05:30
--- !ruby/exception:FbGraph2::Exception::InvalidRequest
message: Unsupported get request. Please read the Graph API documentation at https://developers.facebook.com/docs/graph-api
status: 400
type: GraphMethodException
code: 100
error_subcode: 
--------------------------------------------------------------------------------------
2017-02-10T10:00:07+05:30
--- !ruby/exception:SocketError
message: 'getaddrinfo: Name or service not known (graph.facebook.com:443)'
--------------------------------------------------------------------------------------
2017-02-10T12:00:05+05:30
--- !ruby/exception:FbGraph2::Exception::InvalidRequest
message: Unsupported get request. Please read the Graph API documentation at https://developers.facebook.com/docs/graph-api
status: 400
type: GraphMethodException
code: 100
error_subcode: 
--------------------------------------------------------------------------------------
2017-02-10T14:00:04+05:30
--- !ruby/exception:FbGraph2::Exception::InvalidRequest
message: Unsupported get request. Please read the Graph API documentation at https://developers.facebook.com/docs/graph-api
status: 400
type: GraphMethodException
code: 100
error_subcode: 
--------------------------------------------------------------------------------------
2017-02-10T16:00:05+05:30
--- !ruby/exception:FbGraph2::Exception::InvalidRequest
message: Unsupported get request. Please read the Graph API documentation at https://developers.facebook.com/docs/graph-api
status: 400
type: GraphMethodException
code: 100
error_subcode: 
--------------------------------------------------------------------------------------
2017-02-10T18:00:05+05:30
--- !ruby/exception:FbGraph2::Exception::InvalidRequest
message: Unsupported get request. Please read the Graph API documentation at https://developers.facebook.com/docs/graph-api
status: 400
type: GraphMethodException
code: 100
error_subcode: 
--------------------------------------------------------------------------------------
2017-02-13T12:00:05+05:30
--- !ruby/exception:FbGraph2::Exception::InvalidRequest
message: Unsupported get request. Please read the Graph API documentation at https://developers.facebook.com/docs/graph-api
status: 400
type: GraphMethodException
code: 100
error_subcode: 
--------------------------------------------------------------------------------------
2017-02-13T14:00:05+05:30
--- !ruby/exception:FbGraph2::Exception::InvalidRequest
message: Unsupported get request. Please read the Graph API documentation at https://developers.facebook.com/docs/graph-api
status: 400
type: GraphMethodException
code: 100
error_subcode: 
--------------------------------------------------------------------------------------
2017-02-13T16:00:04+05:30
--- !ruby/exception:FbGraph2::Exception::InvalidRequest
message: Unsupported get request. Please read the Graph API documentation at https://developers.facebook.com/docs/graph-api
status: 400
type: GraphMethodException
code: 100
error_subcode: 
--------------------------------------------------------------------------------------
2017-02-13T18:00:04+05:30
--- !ruby/exception:FbGraph2::Exception::InvalidRequest
message: Unsupported get request. Please read the Graph API documentation at https://developers.facebook.com/docs/graph-api
status: 400
type: GraphMethodException
code: 100
error_subcode: 
--------------------------------------------------------------------------------------
2017-02-14T10:00:07+05:30
--- !ruby/exception:SocketError
message: 'getaddrinfo: Name or service not known (graph.facebook.com:443)'
--------------------------------------------------------------------------------------
2017-02-14T12:00:05+05:30
--- !ruby/exception:FbGraph2::Exception::InvalidRequest
message: Unsupported get request. Please read the Graph API documentation at https://developers.facebook.com/docs/graph-api
status: 400
type: GraphMethodException
code: 100
error_subcode: 
--------------------------------------------------------------------------------------
2017-02-14T14:00:05+05:30
--- !ruby/exception:FbGraph2::Exception::InvalidRequest
message: Unsupported get request. Please read the Graph API documentation at https://developers.facebook.com/docs/graph-api
status: 400
type: GraphMethodException
code: 100
error_subcode: 
--------------------------------------------------------------------------------------
2017-02-14T16:00:05+05:30
--- !ruby/exception:FbGraph2::Exception::InvalidRequest
message: Unsupported get request. Please read the Graph API documentation at https://developers.facebook.com/docs/graph-api
status: 400
type: GraphMethodException
code: 100
error_subcode: 
--------------------------------------------------------------------------------------
2017-02-14T18:00:04+05:30
--- !ruby/exception:FbGraph2::Exception::InvalidRequest
message: Unsupported get request. Please read the Graph API documentation at https://developers.facebook.com/docs/graph-api
status: 400
type: GraphMethodException
code: 100
error_subcode: 
--------------------------------------------------------------------------------------
2017-02-15T12:00:05+05:30
--- !ruby/exception:FbGraph2::Exception::InvalidRequest
message: Unsupported get request. Please read the Graph API documentation at https://developers.facebook.com/docs/graph-api
status: 400
type: GraphMethodException
code: 100
error_subcode: 
--------------------------------------------------------------------------------------
2017-02-15T14:00:05+05:30
--- !ruby/exception:FbGraph2::Exception::InvalidRequest
message: Unsupported get request. Please read the Graph API documentation at https://developers.facebook.com/docs/graph-api
status: 400
type: GraphMethodException
code: 100
error_subcode: 
--------------------------------------------------------------------------------------
2017-02-15T16:00:05+05:30
--- !ruby/exception:FbGraph2::Exception::InvalidRequest
message: Unsupported get request. Please read the Graph API documentation at https://developers.facebook.com/docs/graph-api
status: 400
type: GraphMethodException
code: 100
error_subcode: 
--------------------------------------------------------------------------------------
2017-02-16T18:00:04+05:30
--------------------------------------------------------------------------------------
2017-02-21T12:00:05+05:30
--- !ruby/exception:FbGraph2::Exception::InvalidRequest
message: Unsupported get request. Please read the Graph API documentation at https://developers.facebook.com/docs/graph-api
status: 400
type: GraphMethodException
code: 100
error_subcode: 
--------------------------------------------------------------------------------------
2017-02-21T14:00:06+05:30
2017-02-21T16:00:05+05:30
2017-02-21T18:00:04+05:30
2017-02-22T10:00:08+05:30
2017-02-22T12:00:04+05:30
2017-02-22T14:00:04+05:30
2017-02-22T16:00:05+05:30
2017-02-22T18:00:05+05:30
2017-02-22T20:00:04+05:30
2017-02-22T22:00:04+05:30
2017-02-23T00:00:04+05:30
2017-02-23T02:00:04+05:30
2017-02-23T10:00:08+05:30
2017-02-23T12:00:05+05:30
2017-02-23T14:00:06+05:30
2017-02-23T16:00:13+05:30
2017-02-23T18:00:05+05:30
2017-02-23T20:00:05+05:30
