rake aborted!
Devise.secret_key was not set. Please add the following to your Devise initializer:

  config.secret_key = '213cf313b0a81b36a18c75f51651858684eb5c985b4400d3f5f6292a0d1b49a57145954a0ba3cc231afac587d38ed08611ebf668a8f0b28907bd1399be313208'

Please ensure you restarted your application after installing Devise or setting the key.
/home/apoorvmittal/.rvm/gems/ruby-2.3.1/gems/devise-4.2.0/lib/devise/rails/routes.rb:498:in `raise_no_secret_key'
/home/apoorvmittal/.rvm/gems/ruby-2.3.1/gems/devise-4.2.0/lib/devise/rails/routes.rb:226:in `devise_for'
/home/apoorvmittal/Desktop/sb-admin/config/routes.rb:2:in `block in <top (required)>'
/home/apoorvmittal/.rvm/gems/ruby-2.3.1/gems/actionpack-4.2.6/lib/action_dispatch/routing/route_set.rb:432:in `instance_exec'
/home/apoorvmittal/.rvm/gems/ruby-2.3.1/gems/actionpack-4.2.6/lib/action_dispatch/routing/route_set.rb:432:in `eval_block'
/home/apoorvmittal/.rvm/gems/ruby-2.3.1/gems/actionpack-4.2.6/lib/action_dispatch/routing/route_set.rb:410:in `draw'
/home/apoorvmittal/Desktop/sb-admin/config/routes.rb:1:in `<top (required)>'
/home/apoorvmittal/.rvm/gems/ruby-2.3.1/gems/activesupport-4.2.6/lib/active_support/dependencies.rb:268:in `load'
/home/apoorvmittal/.rvm/gems/ruby-2.3.1/gems/activesupport-4.2.6/lib/active_support/dependencies.rb:268:in `block in load'
/home/apoorvmittal/.rvm/gems/ruby-2.3.1/gems/activesupport-4.2.6/lib/active_support/dependencies.rb:240:in `load_dependency'
/home/apoorvmittal/.rvm/gems/ruby-2.3.1/gems/activesupport-4.2.6/lib/active_support/dependencies.rb:268:in `load'
/home/apoorvmittal/.rvm/gems/ruby-2.3.1/gems/railties-4.2.6/lib/rails/application/routes_reloader.rb:40:in `block in load_paths'
/home/apoorvmittal/.rvm/gems/ruby-2.3.1/gems/railties-4.2.6/lib/rails/application/routes_reloader.rb:40:in `each'
/home/apoorvmittal/.rvm/gems/ruby-2.3.1/gems/railties-4.2.6/lib/rails/application/routes_reloader.rb:40:in `load_paths'
/home/apoorvmittal/.rvm/gems/ruby-2.3.1/gems/railties-4.2.6/lib/rails/application/routes_reloader.rb:16:in `reload!'
/home/apoorvmittal/.rvm/gems/ruby-2.3.1/gems/railties-4.2.6/lib/rails/application/routes_reloader.rb:26:in `block in updater'
/home/apoorvmittal/.rvm/gems/ruby-2.3.1/gems/activesupport-4.2.6/lib/active_support/file_update_checker.rb:75:in `execute'
/home/apoorvmittal/.rvm/gems/ruby-2.3.1/gems/railties-4.2.6/lib/rails/application/routes_reloader.rb:27:in `updater'
/home/apoorvmittal/.rvm/gems/ruby-2.3.1/gems/railties-4.2.6/lib/rails/application/routes_reloader.rb:7:in `execute_if_updated'
/home/apoorvmittal/.rvm/gems/ruby-2.3.1/gems/railties-4.2.6/lib/rails/application/finisher.rb:69:in `block in <module:Finisher>'
/home/apoorvmittal/.rvm/gems/ruby-2.3.1/gems/railties-4.2.6/lib/rails/initializable.rb:30:in `instance_exec'
/home/apoorvmittal/.rvm/gems/ruby-2.3.1/gems/railties-4.2.6/lib/rails/initializable.rb:30:in `run'
/home/apoorvmittal/.rvm/gems/ruby-2.3.1/gems/railties-4.2.6/lib/rails/initializable.rb:55:in `block in run_initializers'
/home/apoorvmittal/.rvm/gems/ruby-2.3.1/gems/railties-4.2.6/lib/rails/initializable.rb:54:in `run_initializers'
/home/apoorvmittal/.rvm/gems/ruby-2.3.1/gems/railties-4.2.6/lib/rails/application.rb:352:in `initialize!'
/home/apoorvmittal/Desktop/sb-admin/config/environment.rb:5:in `<top (required)>'
/home/apoorvmittal/.rvm/gems/ruby-2.3.1/gems/activesupport-4.2.6/lib/active_support/dependencies.rb:274:in `require'
/home/apoorvmittal/.rvm/gems/ruby-2.3.1/gems/activesupport-4.2.6/lib/active_support/dependencies.rb:274:in `block in require'
/home/apoorvmittal/.rvm/gems/ruby-2.3.1/gems/activesupport-4.2.6/lib/active_support/dependencies.rb:240:in `load_dependency'
/home/apoorvmittal/.rvm/gems/ruby-2.3.1/gems/activesupport-4.2.6/lib/active_support/dependencies.rb:274:in `require'
/home/apoorvmittal/.rvm/gems/ruby-2.3.1/gems/railties-4.2.6/lib/rails/application.rb:328:in `require_environment!'
/home/apoorvmittal/.rvm/gems/ruby-2.3.1/gems/railties-4.2.6/lib/rails/application.rb:457:in `block in run_tasks_blocks'
/home/apoorvmittal/.rvm/gems/ruby-2.3.1/gems/rake-11.3.0/exe/rake:27:in `<top (required)>'
/home/apoorvmittal/.rvm/gems/ruby-2.3.1/bin/ruby_executable_hooks:15:in `eval'
/home/apoorvmittal/.rvm/gems/ruby-2.3.1/bin/ruby_executable_hooks:15:in `<main>'
Tasks: TOP => update_social_data:update_facebook_likes => environment
(See full trace by running task with --trace)
rake aborted!
Devise.secret_key was not set. Please add the following to your Devise initializer:

  config.secret_key = '3e2d30f917f3b53b09d73c85e0e53adef542cd0beb7dff0d816c4d421da711083a918919fd0466445b8f5fb654b9b53437804f753535170f2ea061a7b093e1a7'

Please ensure you restarted your application after installing Devise or setting the key.
/home/apoorvmittal/.rvm/gems/ruby-2.3.1/gems/devise-4.2.0/lib/devise/rails/routes.rb:498:in `raise_no_secret_key'
/home/apoorvmittal/.rvm/gems/ruby-2.3.1/gems/devise-4.2.0/lib/devise/rails/routes.rb:226:in `devise_for'
/home/apoorvmittal/Desktop/sb-admin/config/routes.rb:2:in `block in <top (required)>'
/home/apoorvmittal/.rvm/gems/ruby-2.3.1/gems/actionpack-4.2.6/lib/action_dispatch/routing/route_set.rb:432:in `instance_exec'
/home/apoorvmittal/.rvm/gems/ruby-2.3.1/gems/actionpack-4.2.6/lib/action_dispatch/routing/route_set.rb:432:in `eval_block'
/home/apoorvmittal/.rvm/gems/ruby-2.3.1/gems/actionpack-4.2.6/lib/action_dispatch/routing/route_set.rb:410:in `draw'
/home/apoorvmittal/Desktop/sb-admin/config/routes.rb:1:in `<top (required)>'
/home/apoorvmittal/.rvm/gems/ruby-2.3.1/gems/activesupport-4.2.6/lib/active_support/dependencies.rb:268:in `load'
/home/apoorvmittal/.rvm/gems/ruby-2.3.1/gems/activesupport-4.2.6/lib/active_support/dependencies.rb:268:in `block in load'
/home/apoorvmittal/.rvm/gems/ruby-2.3.1/gems/activesupport-4.2.6/lib/active_support/dependencies.rb:240:in `load_dependency'
/home/apoorvmittal/.rvm/gems/ruby-2.3.1/gems/activesupport-4.2.6/lib/active_support/dependencies.rb:268:in `load'
/home/apoorvmittal/.rvm/gems/ruby-2.3.1/gems/railties-4.2.6/lib/rails/application/routes_reloader.rb:40:in `block in load_paths'
/home/apoorvmittal/.rvm/gems/ruby-2.3.1/gems/railties-4.2.6/lib/rails/application/routes_reloader.rb:40:in `each'
/home/apoorvmittal/.rvm/gems/ruby-2.3.1/gems/railties-4.2.6/lib/rails/application/routes_reloader.rb:40:in `load_paths'
/home/apoorvmittal/.rvm/gems/ruby-2.3.1/gems/railties-4.2.6/lib/rails/application/routes_reloader.rb:16:in `reload!'
/home/apoorvmittal/.rvm/gems/ruby-2.3.1/gems/railties-4.2.6/lib/rails/application/routes_reloader.rb:26:in `block in updater'
/home/apoorvmittal/.rvm/gems/ruby-2.3.1/gems/activesupport-4.2.6/lib/active_support/file_update_checker.rb:75:in `execute'
/home/apoorvmittal/.rvm/gems/ruby-2.3.1/gems/railties-4.2.6/lib/rails/application/routes_reloader.rb:27:in `updater'
/home/apoorvmittal/.rvm/gems/ruby-2.3.1/gems/railties-4.2.6/lib/rails/application/routes_reloader.rb:7:in `execute_if_updated'
/home/apoorvmittal/.rvm/gems/ruby-2.3.1/gems/railties-4.2.6/lib/rails/application/finisher.rb:69:in `block in <module:Finisher>'
/home/apoorvmittal/.rvm/gems/ruby-2.3.1/gems/railties-4.2.6/lib/rails/initializable.rb:30:in `instance_exec'
/home/apoorvmittal/.rvm/gems/ruby-2.3.1/gems/railties-4.2.6/lib/rails/initializable.rb:30:in `run'
/home/apoorvmittal/.rvm/gems/ruby-2.3.1/gems/railties-4.2.6/lib/rails/initializable.rb:55:in `block in run_initializers'
/home/apoorvmittal/.rvm/gems/ruby-2.3.1/gems/railties-4.2.6/lib/rails/initializable.rb:54:in `run_initializers'
/home/apoorvmittal/.rvm/gems/ruby-2.3.1/gems/railties-4.2.6/lib/rails/application.rb:352:in `initialize!'
/home/apoorvmittal/Desktop/sb-admin/config/environment.rb:5:in `<top (required)>'
/home/apoorvmittal/.rvm/gems/ruby-2.3.1/gems/activesupport-4.2.6/lib/active_support/dependencies.rb:274:in `require'
/home/apoorvmittal/.rvm/gems/ruby-2.3.1/gems/activesupport-4.2.6/lib/active_support/dependencies.rb:274:in `block in require'
/home/apoorvmittal/.rvm/gems/ruby-2.3.1/gems/activesupport-4.2.6/lib/active_support/dependencies.rb:240:in `load_dependency'
/home/apoorvmittal/.rvm/gems/ruby-2.3.1/gems/activesupport-4.2.6/lib/active_support/dependencies.rb:274:in `require'
/home/apoorvmittal/.rvm/gems/ruby-2.3.1/gems/railties-4.2.6/lib/rails/application.rb:328:in `require_environment!'
/home/apoorvmittal/.rvm/gems/ruby-2.3.1/gems/railties-4.2.6/lib/rails/application.rb:457:in `block in run_tasks_blocks'
/home/apoorvmittal/.rvm/gems/ruby-2.3.1/gems/rake-11.3.0/exe/rake:27:in `<top (required)>'
/home/apoorvmittal/.rvm/gems/ruby-2.3.1/bin/ruby_executable_hooks:15:in `eval'
/home/apoorvmittal/.rvm/gems/ruby-2.3.1/bin/ruby_executable_hooks:15:in `<main>'
Tasks: TOP => update_social_data:update_facebook_likes => environment
(See full trace by running task with --trace)
